[0m12:39:09.612453 [debug] [MainThread]: Sending event: {'category': 'dbt', 'action': 'invocation', 'label': 'start', 'context': [<snowplow_tracker.self_describing_json.SelfDescribingJson object at 0x7faa6070cc40>, <snowplow_tracker.self_describing_json.SelfDescribingJson object at 0x7faa5fffe100>, <snowplow_tracker.self_describing_json.SelfDescribingJson object at 0x7faa623b1ee0>]}


============================== 12:39:09.619997 | eccdaaef-f43b-4b0f-ba3b-5a0d7acc0868 ==============================
[0m12:39:09.619997 [info ] [MainThread]: Running with dbt=1.7.0
[0m12:39:09.620756 [debug] [MainThread]: running dbt with arguments {'printer_width': '80', 'indirect_selection': 'eager', 'log_cache_events': 'False', 'write_json': 'True', 'partial_parse': 'True', 'cache_selected_only': 'False', 'warn_error': 'None', 'debug': 'False', 'profiles_dir': '/Users/josefinaperez/.dbt', 'log_path': 'logs', 'fail_fast': 'False', 'version_check': 'True', 'use_colors': 'True', 'use_experimental_parser': 'False', 'no_print': 'None', 'quiet': 'False', 'log_format': 'default', 'invocation_command': 'dbt init db_postgres', 'warn_error_options': 'WarnErrorOptions(include=[], exclude=[])', 'introspect': 'True', 'target_path': 'None', 'static_parser': 'True', 'send_anonymous_usage_stats': 'True'}
[0m12:39:09.622039 [debug] [MainThread]: Starter project path: /Library/Frameworks/Python.framework/Versions/3.9/lib/python3.9/site-packages/dbt/include/starter_project
[0m12:39:09.632412 [info ] [MainThread]: 
Your new dbt project "db_postgres" was created!

For more information on how to configure the profiles.yml file,
please consult the dbt documentation here:

  https://docs.getdbt.com/docs/configure-your-profile

One more thing:

Need help? Don't hesitate to reach out to us via GitHub issues or on Slack:

  https://community.getdbt.com/

Happy modeling!

[0m12:39:09.633886 [info ] [MainThread]: Setting up your profile.
[0m12:39:35.845267 [debug] [MainThread]: Resource report: {"command_name": "init", "command_success": true, "command_wall_clock_time": 26.323952, "process_user_time": 2.936967, "process_kernel_time": 0.2454, "process_mem_max_rss": "93696000", "process_in_blocks": "0", "process_out_blocks": "0"}
[0m12:39:35.846445 [debug] [MainThread]: Command `dbt init` succeeded at 12:39:35.846151 after 26.33 seconds
[0m12:39:35.847136 [debug] [MainThread]: Sending event: {'category': 'dbt', 'action': 'invocation', 'label': 'end', 'context': [<snowplow_tracker.self_describing_json.SelfDescribingJson object at 0x7faa6070cc40>, <snowplow_tracker.self_describing_json.SelfDescribingJson object at 0x7faa623ccb80>, <snowplow_tracker.self_describing_json.SelfDescribingJson object at 0x7faa623cc550>]}
[0m12:39:35.847865 [debug] [MainThread]: Flushing usage events
[0m12:44:56.013284 [debug] [MainThread]: Sending event: {'category': 'dbt', 'action': 'invocation', 'label': 'start', 'context': [<snowplow_tracker.self_describing_json.SelfDescribingJson object at 0x7fae7cf02220>, <snowplow_tracker.self_describing_json.SelfDescribingJson object at 0x7fae7ed07190>, <snowplow_tracker.self_describing_json.SelfDescribingJson object at 0x7fae7ecec7c0>]}


============================== 12:44:56.019439 | 396b6acc-802e-4030-87af-023b0f2dcc9d ==============================
[0m12:44:56.019439 [info ] [MainThread]: Running with dbt=1.7.0
[0m12:44:56.020290 [debug] [MainThread]: running dbt with arguments {'printer_width': '80', 'indirect_selection': 'eager', 'write_json': 'True', 'log_cache_events': 'False', 'partial_parse': 'True', 'cache_selected_only': 'False', 'warn_error': 'None', 'fail_fast': 'False', 'version_check': 'True', 'log_path': 'logs', 'debug': 'False', 'profiles_dir': '/Users/josefinaperez/.dbt', 'use_colors': 'True', 'use_experimental_parser': 'False', 'no_print': 'None', 'quiet': 'False', 'warn_error_options': 'WarnErrorOptions(include=[], exclude=[])', 'static_parser': 'True', 'invocation_command': 'dbt init db_postgres', 'log_format': 'default', 'target_path': 'None', 'introspect': 'True', 'send_anonymous_usage_stats': 'True'}
[0m12:44:56.021723 [debug] [MainThread]: Starter project path: /Library/Frameworks/Python.framework/Versions/3.9/lib/python3.9/site-packages/dbt/include/starter_project
[0m12:44:56.030575 [info ] [MainThread]: 
Your new dbt project "db_postgres" was created!

For more information on how to configure the profiles.yml file,
please consult the dbt documentation here:

  https://docs.getdbt.com/docs/configure-your-profile

One more thing:

Need help? Don't hesitate to reach out to us via GitHub issues or on Slack:

  https://community.getdbt.com/

Happy modeling!

[0m12:44:56.031223 [info ] [MainThread]: Setting up your profile.
[0m12:44:57.859813 [debug] [MainThread]: Resource report: {"command_name": "init", "command_success": true, "command_wall_clock_time": 1.9301172, "process_user_time": 2.7562, "process_kernel_time": 0.37319, "process_mem_max_rss": "93138944", "process_in_blocks": "0", "process_out_blocks": "0"}
[0m12:44:57.861342 [debug] [MainThread]: Command `dbt init` succeeded at 12:44:57.860960 after 1.93 seconds
[0m12:44:57.862657 [debug] [MainThread]: Sending event: {'category': 'dbt', 'action': 'invocation', 'label': 'end', 'context': [<snowplow_tracker.self_describing_json.SelfDescribingJson object at 0x7fae7cf02220>, <snowplow_tracker.self_describing_json.SelfDescribingJson object at 0x7fae7ecf0820>, <snowplow_tracker.self_describing_json.SelfDescribingJson object at 0x7fae7ecc8580>]}
[0m12:44:57.863915 [debug] [MainThread]: Flushing usage events
[0m12:48:21.162586 [debug] [MainThread]: Sending event: {'category': 'dbt', 'action': 'invocation', 'label': 'start', 'context': [<snowplow_tracker.self_describing_json.SelfDescribingJson object at 0x7fe97fe00d30>, <snowplow_tracker.self_describing_json.SelfDescribingJson object at 0x7fe981b8c4c0>, <snowplow_tracker.self_describing_json.SelfDescribingJson object at 0x7fe981bcba90>]}


============================== 12:48:21.170233 | 80f93dfa-9f65-45c6-a60d-2f0254a9475a ==============================
[0m12:48:21.170233 [info ] [MainThread]: Running with dbt=1.7.0
[0m12:48:21.171195 [debug] [MainThread]: running dbt with arguments {'printer_width': '80', 'indirect_selection': 'eager', 'write_json': 'True', 'log_cache_events': 'False', 'partial_parse': 'True', 'cache_selected_only': 'False', 'profiles_dir': '/Users/josefinaperez/.dbt', 'version_check': 'True', 'warn_error': 'None', 'log_path': 'logs', 'fail_fast': 'False', 'debug': 'False', 'use_colors': 'True', 'use_experimental_parser': 'False', 'no_print': 'None', 'quiet': 'False', 'warn_error_options': 'WarnErrorOptions(include=[], exclude=[])', 'static_parser': 'True', 'invocation_command': 'dbt debug', 'log_format': 'default', 'target_path': 'None', 'introspect': 'True', 'send_anonymous_usage_stats': 'True'}
[0m12:48:21.172066 [info ] [MainThread]: dbt version: 1.7.0
[0m12:48:21.172506 [info ] [MainThread]: python version: 3.9.2
[0m12:48:21.173404 [info ] [MainThread]: python path: /Library/Frameworks/Python.framework/Versions/3.9/bin/python3.9
[0m12:48:21.174388 [info ] [MainThread]: os info: macOS-10.16-x86_64-i386-64bit
[0m12:48:21.923006 [info ] [MainThread]: Using profiles dir at /Users/josefinaperez/.dbt
[0m12:48:21.923688 [info ] [MainThread]: Using profiles.yml file at /Users/josefinaperez/.dbt/profiles.yml
[0m12:48:21.924205 [info ] [MainThread]: Using dbt_project.yml file at /Users/josefinaperez/Desktop/MLOPS/TP/mlops-ecosystem/dbt_project.yml
[0m12:48:21.925700 [info ] [MainThread]: adapter type: postgres
[0m12:48:21.926285 [info ] [MainThread]: adapter version: 1.7.0
[0m12:48:21.926749 [info ] [MainThread]: Configuration:
[0m12:48:21.927145 [info ] [MainThread]:   profiles.yml file [[32mOK found and valid[0m]
[0m12:48:21.927541 [info ] [MainThread]:   dbt_project.yml file [[31mERROR not found[0m]
[0m12:48:21.927920 [info ] [MainThread]: Required dependencies:
[0m12:48:21.928430 [debug] [MainThread]: Executing "git --help"
[0m12:48:21.959455 [debug] [MainThread]: STDOUT: "b"usage: git [-v | --version] [-h | --help] [-C <path>] [-c <name>=<value>]\n           [--exec-path[=<path>]] [--html-path] [--man-path] [--info-path]\n           [-p | --paginate | -P | --no-pager] [--no-replace-objects] [--bare]\n           [--git-dir=<path>] [--work-tree=<path>] [--namespace=<name>]\n           [--super-prefix=<path>] [--config-env=<name>=<envvar>]\n           <command> [<args>]\n\nThese are common Git commands used in various situations:\n\nstart a working area (see also: git help tutorial)\n   clone     Clone a repository into a new directory\n   init      Create an empty Git repository or reinitialize an existing one\n\nwork on the current change (see also: git help everyday)\n   add       Add file contents to the index\n   mv        Move or rename a file, a directory, or a symlink\n   restore   Restore working tree files\n   rm        Remove files from the working tree and from the index\n\nexamine the history and state (see also: git help revisions)\n   bisect    Use binary search to find the commit that introduced a bug\n   diff      Show changes between commits, commit and working tree, etc\n   grep      Print lines matching a pattern\n   log       Show commit logs\n   show      Show various types of objects\n   status    Show the working tree status\n\ngrow, mark and tweak your common history\n   branch    List, create, or delete branches\n   commit    Record changes to the repository\n   merge     Join two or more development histories together\n   rebase    Reapply commits on top of another base tip\n   reset     Reset current HEAD to the specified state\n   switch    Switch branches\n   tag       Create, list, delete or verify a tag object signed with GPG\n\ncollaborate (see also: git help workflows)\n   fetch     Download objects and refs from another repository\n   pull      Fetch from and integrate with another repository or a local branch\n   push      Update remote refs along with associated objects\n\n'git help -a' and 'git help -g' list available subcommands and some\nconcept guides. See 'git help <command>' or 'git help <concept>'\nto read about a specific subcommand or concept.\nSee 'git help git' for an overview of the system.\n""
[0m12:48:21.961208 [debug] [MainThread]: STDERR: "b''"
[0m12:48:21.962047 [info ] [MainThread]:  - git [[32mOK found[0m]

[0m12:48:21.962651 [info ] [MainThread]: Connection:
[0m12:48:21.963528 [info ] [MainThread]:   host: localhost
[0m12:48:21.964072 [info ] [MainThread]:   port: 5431
[0m12:48:21.964600 [info ] [MainThread]:   user: postgres
[0m12:48:21.965577 [info ] [MainThread]:   database: mlops
[0m12:48:21.966134 [info ] [MainThread]:   schema: target
[0m12:48:21.966914 [info ] [MainThread]:   connect_timeout: 10
[0m12:48:21.967544 [info ] [MainThread]:   role: None
[0m12:48:21.968250 [info ] [MainThread]:   search_path: None
[0m12:48:21.968665 [info ] [MainThread]:   keepalives_idle: 0
[0m12:48:21.969075 [info ] [MainThread]:   sslmode: None
[0m12:48:21.969451 [info ] [MainThread]:   sslcert: None
[0m12:48:21.969866 [info ] [MainThread]:   sslkey: None
[0m12:48:21.970285 [info ] [MainThread]:   sslrootcert: None
[0m12:48:21.971015 [info ] [MainThread]:   application_name: dbt
[0m12:48:21.971933 [info ] [MainThread]:   retries: 1
[0m12:48:21.973046 [info ] [MainThread]: Registered adapter: postgres=1.7.0
[0m12:48:22.002047 [debug] [MainThread]: Acquiring new postgres connection 'debug'
[0m12:48:22.003109 [debug] [MainThread]: Using postgres connection "debug"
[0m12:48:22.003610 [debug] [MainThread]: On debug: select 1 as id
[0m12:48:22.004094 [debug] [MainThread]: Opening a new connection, currently in state init
[0m12:48:22.101668 [debug] [MainThread]: SQL status: SELECT 1 in 0.0 seconds
[0m12:48:22.103530 [debug] [MainThread]: On debug: Close
[0m12:48:22.104112 [info ] [MainThread]:   Connection test: [[32mOK connection ok[0m]

[0m12:48:22.104652 [info ] [MainThread]: [31m1 check failed:[0m
[0m12:48:22.105270 [info ] [MainThread]: Project loading failed for the following reason:
 project path </Users/josefinaperez/Desktop/MLOPS/TP/mlops-ecosystem/dbt_project.yml> not found

[0m12:48:22.107763 [debug] [MainThread]: Resource report: {"command_name": "debug", "command_wall_clock_time": 1.0315213, "process_user_time": 3.123476, "process_kernel_time": 0.444251, "process_mem_max_rss": "99913728", "command_success": false, "process_in_blocks": "0", "process_out_blocks": "0"}
[0m12:48:22.108618 [debug] [MainThread]: Command `dbt debug` failed at 12:48:22.108427 after 1.03 seconds
[0m12:48:22.109138 [debug] [MainThread]: Connection 'debug' was properly closed.
[0m12:48:22.109633 [debug] [MainThread]: Sending event: {'category': 'dbt', 'action': 'invocation', 'label': 'end', 'context': [<snowplow_tracker.self_describing_json.SelfDescribingJson object at 0x7fe97fe00d30>, <snowplow_tracker.self_describing_json.SelfDescribingJson object at 0x7fe981b8c4c0>, <snowplow_tracker.self_describing_json.SelfDescribingJson object at 0x7fe981e4a820>]}
[0m12:48:22.110272 [debug] [MainThread]: Flushing usage events
